[main] INFO  cucumber_project  - Launching Browser
[main] INFO  cucumber_project  - Providing login details
[main] INFO  cucumber_project  - Started login
[main] INFO  cucumber_project  - Add new customer
[main] INFO  cucumber_project  - Providing customer details
[main] INFO  cucumber_project  - Saving customer data
[main] INFO  cucumber_project  - Logout successful. Closing the browser
[main] INFO  cucumber_project  - Launching Browser
[main] INFO  cucumber_project  - Providing login details
[main] INFO  cucumber_project  - Started login
[main] INFO  cucumber_project  - Searching customer by email id
[main] INFO  cucumber_project  - Logout successful. Closing the browser
[main] INFO  cucumber_project  - Launching Browser
[main] INFO  cucumber_project  - Providing login details
[main] INFO  cucumber_project  - Started login
[main] INFO  cucumber_project  - Searching customer by name
[main] INFO  cucumber_project  - Logout successful. Closing the browser
[main] INFO  cucumber_project  - Launching Browser
[main] INFO  cucumber_project  - Providing login details
[main] INFO  cucumber_project  - Started login
[main] INFO  cucumber_project  - Add new customer
[main] INFO  cucumber_project  - Providing customer details
[main] INFO  cucumber_project  - Saving customer data
[main] INFO  cucumber_project  - Logout successful. Closing the browser
[main] INFO  cucumber_project  - Launching Browser
[main] INFO  cucumber_project  - Providing login details
[main] INFO  cucumber_project  - Started login
[main] INFO  cucumber_project  - Click on logout link
[main] INFO  cucumber_project  - Logout successful. Closing the browser
[main] INFO  cucumber_project  - Launching Browser
[main] INFO  cucumber_project  - Providing login details
[main] INFO  cucumber_project  - Started login
[main] INFO  cucumber_project  - Launching Browser
[main] INFO  cucumber_project  - Providing login details
[main] INFO  cucumber_project  - Started login
[main] INFO  cucumber_project  - Add new customer
[main] INFO  cucumber_project  - Providing customer details
[main] INFO  cucumber_project  - Saving customer data
[main] INFO  cucumber_project  - Logout successful. Closing the browser
[main] INFO  cucumber_project  - Launching Browser
[main] INFO  cucumber_project  - Providing login details
[main] INFO  cucumber_project  - Started login
[main] INFO  cucumber_project  - Click on logout link
[main] INFO  cucumber_project  - Logout successful. Closing the browser
[main] INFO  cucumber_project  - Launching Browser
[main] INFO  cucumber_project  - Providing login details
[main] INFO  cucumber_project  - Started login
[main] INFO  cucumber_project  - Launching Browser
[main] INFO  cucumber_project  - Providing login details
[main] INFO  cucumber_project  - Started login
[main] INFO  cucumber_project  - Add new customer
[main] INFO  cucumber_project  - Providing customer details
[main] INFO  cucumber_project  - Saving customer data
[main] INFO  cucumber_project  - Logout successful. Closing the browser
[main] INFO  cucumber_project  - Launching Browser
[main] INFO  cucumber_project  - Providing login details
[main] INFO  cucumber_project  - Started login
[main] INFO  cucumber_project  - Click on logout link
[main] INFO  cucumber_project  - Logout successful. Closing the browser
[main] INFO  cucumber_project  - Launching Browser
[main] INFO  cucumber_project  - Providing login details
[main] INFO  cucumber_project  - Started login
[main] INFO  cucumber_project  - Launching Browser
[main] INFO  cucumber_project  - Providing login details
[main] INFO  cucumber_project  - Started login
[main] INFO  cucumber_project  - Add new customer
[main] INFO  cucumber_project  - Providing customer details
[main] INFO  cucumber_project  - Saving customer data
[main] INFO  cucumber_project  - Logout successful. Closing the browser
[main] INFO  cucumber_project  - Launching Browser
[main] INFO  cucumber_project  - Providing login details
[main] INFO  cucumber_project  - Started login
[main] INFO  cucumber_project  - Click on logout link
[main] INFO  cucumber_project  - Logout successful. Closing the browser
[main] INFO  cucumber_project  - Launching Browser
[main] INFO  cucumber_project  - Providing login details
[main] INFO  cucumber_project  - Started login
[main] INFO  cucumber_project  - Launching Browser
[main] INFO  cucumber_project  - Providing login details
[main] INFO  cucumber_project  - Started login
[main] INFO  cucumber_project  - Add new customer
[main] INFO  cucumber_project  - Providing customer details
[main] INFO  cucumber_project  - Saving customer data
[main] INFO  cucumber_project  - Logout successful. Closing the browser
[main] INFO  cucumber_project  - Launching Browser
[main] INFO  cucumber_project  - Providing login details
[main] INFO  cucumber_project  - Started login
[main] INFO  cucumber_project  - Click on logout link
[main] INFO  cucumber_project  - Logout successful. Closing the browser
[main] INFO  cucumber_project  - Launching Browser
[main] INFO  cucumber_project  - Providing login details
[main] INFO  cucumber_project  - Started login
[main] INFO  cucumber_project  - Launching Browser
[main] INFO  cucumber_project  - Providing login details
[main] INFO  cucumber_project  - Started login
[main] INFO  cucumber_project  - Add new customer
[main] INFO  cucumber_project  - Providing customer details
[main] INFO  cucumber_project  - Saving customer data
[main] INFO  cucumber_project  - Logout successful. Closing the browser
[main] INFO  cucumber_project  - Launching Browser
[main] INFO  cucumber_project  - Providing login details
[main] INFO  cucumber_project  - Started login
[main] INFO  cucumber_project  - Click on logout link
[main] INFO  cucumber_project  - Logout successful. Closing the browser
[main] INFO  cucumber_project  - Launching Browser
[main] INFO  cucumber_project  - Providing login details
[main] INFO  cucumber_project  - Started login
[main] INFO  cucumber_project  - Launching Browser
[main] INFO  cucumber_project  - Providing login details
[main] INFO  cucumber_project  - Started login
[main] INFO  cucumber_project  - Click on logout link
[main] INFO  cucumber_project  - Logout successful. Closing the browser
[main] INFO  cucumber_project  - Launching Browser
[main] INFO  cucumber_project  - Providing login details
[main] INFO  cucumber_project  - Started login
[main] INFO  cucumber_project  - Launching Browser
[main] INFO  cucumber_project  - Providing login details
[main] INFO  cucumber_project  - Started login
[main] INFO  cucumber_project  - Add new customer
[main] INFO  cucumber_project  - Providing customer details
[main] INFO  cucumber_project  - Saving customer data
[main] INFO  cucumber_project  - Logout successful. Closing the browser
[main] INFO  cucumber_project  - Launching Browser
[main] INFO  cucumber_project  - Providing login details
[main] INFO  cucumber_project  - Started login
[main] INFO  cucumber_project  - Searching customer by email id
[main] INFO  cucumber_project  - Logout successful. Closing the browser
[main] INFO  cucumber_project  - Launching Browser
[main] INFO  cucumber_project  - Providing login details
[main] INFO  cucumber_project  - Started login
[main] INFO  cucumber_project  - Searching customer by name
[main] INFO  cucumber_project  - Logout successful. Closing the browser
[main] INFO  cucumber_project  - Launching Browser
[main] INFO  cucumber_project  - Providing login details
[main] INFO  cucumber_project  - Started login
[main] INFO  cucumber_project  - Click on logout link
[main] INFO  cucumber_project  - Logout successful. Closing the browser
[main] INFO  cucumber_project  - Launching Browser
[main] INFO  cucumber_project  - Providing login details
[main] INFO  cucumber_project  - Started login
